=== puma startup: 2016-05-22 01:40:30 +0200 ===
/Users/patrick/.rbenv/versions/2.3.1/lib/ruby/gems/2.3.0/gems/puma-3.4.0/lib/puma/launcher.rb:130:in `initialize': No such file or directory @ rb_sysopen - /Users/patrick/Projects/escrit/shared/pids/puma.pid (Errno::ENOENT)
	from /Users/patrick/.rbenv/versions/2.3.1/lib/ruby/gems/2.3.0/gems/puma-3.4.0/lib/puma/launcher.rb:130:in `open'
	from /Users/patrick/.rbenv/versions/2.3.1/lib/ruby/gems/2.3.0/gems/puma-3.4.0/lib/puma/launcher.rb:130:in `write_pid'
	from /Users/patrick/.rbenv/versions/2.3.1/lib/ruby/gems/2.3.0/gems/puma-3.4.0/lib/puma/launcher.rb:105:in `write_state'
	from /Users/patrick/.rbenv/versions/2.3.1/lib/ruby/gems/2.3.0/gems/puma-3.4.0/lib/puma/cluster.rb:418:in `run'
	from /Users/patrick/.rbenv/versions/2.3.1/lib/ruby/gems/2.3.0/gems/puma-3.4.0/lib/puma/launcher.rb:172:in `run'
	from /Users/patrick/.rbenv/versions/2.3.1/lib/ruby/gems/2.3.0/gems/puma-3.4.0/lib/rack/handler/puma.rb:51:in `run'
	from /Users/patrick/.rbenv/versions/2.3.1/lib/ruby/gems/2.3.0/gems/rack-2.0.0.rc1/lib/rack/server.rb:296:in `start'
	from /Users/patrick/.rbenv/versions/2.3.1/lib/ruby/gems/2.3.0/gems/railties-5.0.0.rc1/lib/rails/commands/server.rb:79:in `start'
	from /Users/patrick/.rbenv/versions/2.3.1/lib/ruby/gems/2.3.0/gems/railties-5.0.0.rc1/lib/rails/commands/commands_tasks.rb:90:in `block in server'
	from /Users/patrick/.rbenv/versions/2.3.1/lib/ruby/gems/2.3.0/gems/railties-5.0.0.rc1/lib/rails/commands/commands_tasks.rb:85:in `tap'
	from /Users/patrick/.rbenv/versions/2.3.1/lib/ruby/gems/2.3.0/gems/railties-5.0.0.rc1/lib/rails/commands/commands_tasks.rb:85:in `server'
	from /Users/patrick/.rbenv/versions/2.3.1/lib/ruby/gems/2.3.0/gems/railties-5.0.0.rc1/lib/rails/commands/commands_tasks.rb:49:in `run_command!'
	from /Users/patrick/.rbenv/versions/2.3.1/lib/ruby/gems/2.3.0/gems/railties-5.0.0.rc1/lib/rails/commands.rb:18:in `<top (required)>'
	from bin/rails:4:in `require'
	from bin/rails:4:in `<main>'
=== puma startup: 2016-05-22 01:40:44 +0200 ===
/Users/patrick/.rbenv/versions/2.3.1/lib/ruby/gems/2.3.0/gems/puma-3.4.0/lib/puma/launcher.rb:130:in `initialize': No such file or directory @ rb_sysopen - /Users/patrick/Projects/escrit/shared/pids/puma.pid (Errno::ENOENT)
	from /Users/patrick/.rbenv/versions/2.3.1/lib/ruby/gems/2.3.0/gems/puma-3.4.0/lib/puma/launcher.rb:130:in `open'
	from /Users/patrick/.rbenv/versions/2.3.1/lib/ruby/gems/2.3.0/gems/puma-3.4.0/lib/puma/launcher.rb:130:in `write_pid'
	from /Users/patrick/.rbenv/versions/2.3.1/lib/ruby/gems/2.3.0/gems/puma-3.4.0/lib/puma/launcher.rb:105:in `write_state'
	from /Users/patrick/.rbenv/versions/2.3.1/lib/ruby/gems/2.3.0/gems/puma-3.4.0/lib/puma/cluster.rb:418:in `run'
	from /Users/patrick/.rbenv/versions/2.3.1/lib/ruby/gems/2.3.0/gems/puma-3.4.0/lib/puma/launcher.rb:172:in `run'
	from /Users/patrick/.rbenv/versions/2.3.1/lib/ruby/gems/2.3.0/gems/puma-3.4.0/lib/rack/handler/puma.rb:51:in `run'
	from /Users/patrick/.rbenv/versions/2.3.1/lib/ruby/gems/2.3.0/gems/rack-2.0.0.rc1/lib/rack/server.rb:296:in `start'
	from /Users/patrick/.rbenv/versions/2.3.1/lib/ruby/gems/2.3.0/gems/railties-5.0.0.rc1/lib/rails/commands/server.rb:79:in `start'
	from /Users/patrick/.rbenv/versions/2.3.1/lib/ruby/gems/2.3.0/gems/railties-5.0.0.rc1/lib/rails/commands/commands_tasks.rb:90:in `block in server'
	from /Users/patrick/.rbenv/versions/2.3.1/lib/ruby/gems/2.3.0/gems/railties-5.0.0.rc1/lib/rails/commands/commands_tasks.rb:85:in `tap'
	from /Users/patrick/.rbenv/versions/2.3.1/lib/ruby/gems/2.3.0/gems/railties-5.0.0.rc1/lib/rails/commands/commands_tasks.rb:85:in `server'
	from /Users/patrick/.rbenv/versions/2.3.1/lib/ruby/gems/2.3.0/gems/railties-5.0.0.rc1/lib/rails/commands/commands_tasks.rb:49:in `run_command!'
	from /Users/patrick/.rbenv/versions/2.3.1/lib/ruby/gems/2.3.0/gems/railties-5.0.0.rc1/lib/rails/commands.rb:18:in `<top (required)>'
	from bin/rails:4:in `require'
	from bin/rails:4:in `<main>'
=== puma startup: 2016-05-22 01:40:58 +0200 ===
/Users/patrick/.rbenv/versions/2.3.1/lib/ruby/gems/2.3.0/gems/puma-3.4.0/lib/puma/launcher.rb:130:in `initialize': No such file or directory @ rb_sysopen - /Users/patrick/Projects/escrit/shared/pids/puma.pid (Errno::ENOENT)
	from /Users/patrick/.rbenv/versions/2.3.1/lib/ruby/gems/2.3.0/gems/puma-3.4.0/lib/puma/launcher.rb:130:in `open'
	from /Users/patrick/.rbenv/versions/2.3.1/lib/ruby/gems/2.3.0/gems/puma-3.4.0/lib/puma/launcher.rb:130:in `write_pid'
	from /Users/patrick/.rbenv/versions/2.3.1/lib/ruby/gems/2.3.0/gems/puma-3.4.0/lib/puma/launcher.rb:105:in `write_state'
	from /Users/patrick/.rbenv/versions/2.3.1/lib/ruby/gems/2.3.0/gems/puma-3.4.0/lib/puma/cluster.rb:418:in `run'
	from /Users/patrick/.rbenv/versions/2.3.1/lib/ruby/gems/2.3.0/gems/puma-3.4.0/lib/puma/launcher.rb:172:in `run'
	from /Users/patrick/.rbenv/versions/2.3.1/lib/ruby/gems/2.3.0/gems/puma-3.4.0/lib/rack/handler/puma.rb:51:in `run'
	from /Users/patrick/.rbenv/versions/2.3.1/lib/ruby/gems/2.3.0/gems/rack-2.0.0.rc1/lib/rack/server.rb:296:in `start'
	from /Users/patrick/.rbenv/versions/2.3.1/lib/ruby/gems/2.3.0/gems/railties-5.0.0.rc1/lib/rails/commands/server.rb:79:in `start'
	from /Users/patrick/.rbenv/versions/2.3.1/lib/ruby/gems/2.3.0/gems/railties-5.0.0.rc1/lib/rails/commands/commands_tasks.rb:90:in `block in server'
	from /Users/patrick/.rbenv/versions/2.3.1/lib/ruby/gems/2.3.0/gems/railties-5.0.0.rc1/lib/rails/commands/commands_tasks.rb:85:in `tap'
	from /Users/patrick/.rbenv/versions/2.3.1/lib/ruby/gems/2.3.0/gems/railties-5.0.0.rc1/lib/rails/commands/commands_tasks.rb:85:in `server'
	from /Users/patrick/.rbenv/versions/2.3.1/lib/ruby/gems/2.3.0/gems/railties-5.0.0.rc1/lib/rails/commands/commands_tasks.rb:49:in `run_command!'
	from /Users/patrick/.rbenv/versions/2.3.1/lib/ruby/gems/2.3.0/gems/railties-5.0.0.rc1/lib/rails/commands.rb:18:in `<top (required)>'
	from bin/rails:4:in `require'
	from bin/rails:4:in `<main>'
